[debug] [2023-06-18T18:29:39.433Z] ----------------------------------------------------------------------
[debug] [2023-06-18T18:29:39.436Z] Command:       C:\Program Files\nodejs\node.exe C:\Users\lenovo\AppData\Roaming\npm\node_modules\firebase-tools\lib\bin\firebase.js init
[debug] [2023-06-18T18:29:39.436Z] CLI Version:   12.4.0
[debug] [2023-06-18T18:29:39.437Z] Platform:      win32
[debug] [2023-06-18T18:29:39.437Z] Node Version:  v18.16.0
[debug] [2023-06-18T18:29:39.438Z] Time:          Sun Jun 18 2023 23:59:39 GMT+0530 (India Standard Time)
[debug] [2023-06-18T18:29:39.439Z] ----------------------------------------------------------------------
[debug] 
[debug] [2023-06-18T18:29:39.449Z] > command requires scopes: ["email","openid","https://www.googleapis.com/auth/cloudplatformprojects.readonly","https://www.googleapis.com/auth/firebase","https://www.googleapis.com/auth/cloud-platform"]
[debug] [2023-06-18T18:29:39.450Z] > authorizing via signed-in user (amity555500@gmail.com)
[info] 
     ######## #### ########  ######## ########     ###     ######  ########
     ##        ##  ##     ## ##       ##     ##  ##   ##  ##       ##
     ######    ##  ########  ######   ########  #########  ######  ######
     ##        ##  ##    ##  ##       ##     ## ##     ##       ## ##
     ##       #### ##     ## ######## ########  ##     ##  ######  ########

You're about to initialize a Firebase project in this directory:

  C:\Users\lenovo\Desktop\#Task\amityadav lightwire11

[debug] [2023-06-18T18:33:36.899Z] ----------------------------------------------------------------------
[debug] [2023-06-18T18:33:36.901Z] Command:       C:\Program Files\nodejs\node.exe C:\Users\lenovo\AppData\Roaming\npm\node_modules\firebase-tools\lib\bin\firebase.js init
[debug] [2023-06-18T18:33:36.902Z] CLI Version:   12.4.0
[debug] [2023-06-18T18:33:36.903Z] Platform:      win32
[debug] [2023-06-18T18:33:36.903Z] Node Version:  v18.16.0
[debug] [2023-06-18T18:33:36.904Z] Time:          Mon Jun 19 2023 00:03:36 GMT+0530 (India Standard Time)
[debug] [2023-06-18T18:33:36.904Z] ----------------------------------------------------------------------
[debug] 
[debug] [2023-06-18T18:33:36.914Z] > command requires scopes: ["email","openid","https://www.googleapis.com/auth/cloudplatformprojects.readonly","https://www.googleapis.com/auth/firebase","https://www.googleapis.com/auth/cloud-platform"]
[debug] [2023-06-18T18:33:36.914Z] > authorizing via signed-in user (amity555500@gmail.com)
[info] 
     ######## #### ########  ######## ########     ###     ######  ########
     ##        ##  ##     ## ##       ##     ##  ##   ##  ##       ##
     ######    ##  ########  ######   ########  #########  ######  ######
     ##        ##  ##    ##  ##       ##     ## ##     ##       ## ##
     ##       #### ##     ## ######## ########  ##     ##  ######  ########

You're about to initialize a Firebase project in this directory:

  C:\Users\lenovo\Desktop\#Task\amityadav lightwire11

[info] 
=== Project Setup
[info] 
[info] First, let's associate this project directory with a Firebase project.
[info] You can create multiple project aliases by running firebase use --add, 
[info] but for now we'll just set up a default project.
[info] 
[debug] [2023-06-18T18:37:08.032Z] >>> [apiv2][query] GET https://firebase.googleapis.com/v1beta1/projects pageSize=100
[debug] [2023-06-18T18:37:09.582Z] <<< [apiv2][status] GET https://firebase.googleapis.com/v1beta1/projects 200
[debug] [2023-06-18T18:37:09.583Z] <<< [apiv2][body] GET https://firebase.googleapis.com/v1beta1/projects [omitted]
[info] i  Using project lightwireami-20b3a (lightwireami) 
[info] 
=== Hosting Setup
[info] 
[info] Your public directory is the folder (relative to your project directory) that
[info] will contain Hosting assets to be uploaded with firebase deploy. If you
[info] have a build process for your assets, use your build's output directory.
[info] 
